-------------------------------------------------------------------------------
Test set: TestSuite
-------------------------------------------------------------------------------
Tests run: 1, Failures: 1, Errors: 0, Skipped: 0, Time elapsed: 1.037 s <<< FAILURE! - in TestSuite
feature(CucumberOptions.TestRunner)  Time elapsed: 0.117 s  <<< FAILURE!
cucumber.runtime.CucumberException: java.lang.AssertionError
Caused by: java.lang.AssertionError

