<?xml version="1.0" encoding="UTF-8"?>
<!-- Generated by org.testng.reporters.JUnitXMLReporter -->
<testsuite hostname="DESKTOP-CFCNF77" name="Test" tests="4" failures="0" timestamp="4 May 2019 10:42:58 GMT" time="66.019" errors="0">
  <testcase name="basePageNavigation" time="8.185" classname="DeepakAcademy.DeepakE2EProject.validateLandingPageTitle"/>
  <testcase name="basePageNavigation" time="17.173" classname="DeepakAcademy.DeepakE2EProject.homePage"/>
  <testcase name="basePageNavigation" time="19.712" classname="DeepakAcademy.DeepakE2EProject.homePage"/>
  <testcase name="basePageNavigation" time="15.578" classname="DeepakAcademy.DeepakE2EProject.validateLandingPage"/>
</testsuite> <!-- Test -->
