<?xml version="1.0" encoding="UTF-8"?>
<!-- Generated by org.testng.reporters.JUnitXMLReporter -->
<testsuite hostname="DESKTOP-CFCNF77" name="Test" tests="7" failures="0" timestamp="12 May 2019 08:38:26 GMT" time="4.61" errors="0">
  <testcase name="jiraAPI" time="2.735" classname="jiraAPI.jiraBasics_comment"/>
  <testcase name="testData" time="0.351" classname="restAssured.Post_xml"/>
  <testcase name="testData" time="0.192" classname="restAssured.Post"/>
  <testcase name="addAndDelete" time="0.711" classname="restAssured.PostDelete"/>
  <testcase name="dynamicJson" time="0.283" classname="libraryAPI.staticJson"/>
  <testcase name="jiraAPI" time="0.147" classname="jiraAPI.jiraBasics"/>
  <testcase name="jiraAPI" time="0.131" classname="jiraAPI.jiraBasics_comment_updated"/>
</testsuite> <!-- Test -->
