<?xml version="1.0" encoding="UTF-8"?>
<testng-results skipped="0" failed="0" total="1" passed="1">
  <reporter-output>
  </reporter-output>
  <suite name="Suite" duration-ms="461" started-at="2019-04-30T01:00:11Z" finished-at="2019-04-30T01:00:12Z">
    <groups>
      <group name="cucumber">
        <method signature="AbstractTestNGCucumberTests.feature(cucumber.api.testng.CucumberFeatureWrapper)[pri:0, instance:CucumberOptions.TestRunner@2b98378d]" name="feature" class="cucumber.api.testng.AbstractTestNGCucumberTests"/>
      </group> <!-- cucumber -->
    </groups>
    <test name="Test" duration-ms="461" started-at="2019-04-30T01:00:11Z" finished-at="2019-04-30T01:00:12Z">
      <class name="CucumberOptions.TestRunner">
        <test-method status="PASS" signature="setUpClass()[pri:0, instance:CucumberOptions.TestRunner@2b98378d]" name="setUpClass" is-config="true" duration-ms="259" started-at="2019-04-30T06:30:11Z" finished-at="2019-04-30T06:30:11Z">
          <reporter-output>
          </reporter-output>
        </test-method> <!-- setUpClass -->
        <test-method status="PASS" signature="feature(cucumber.api.testng.CucumberFeatureWrapper)[pri:0, instance:CucumberOptions.TestRunner@2b98378d]" name="feature" duration-ms="109" started-at="2019-04-30T06:30:12Z" description="Runs Cucumber Feature" data-provider="features" finished-at="2019-04-30T06:30:12Z">
          <params>
            <param index="0">
              <value>
                <![CDATA[Application Login]]>
              </value>
            </param>
          </params>
          <reporter-output>
          </reporter-output>
        </test-method> <!-- feature -->
        <test-method status="PASS" signature="tearDownClass()[pri:0, instance:CucumberOptions.TestRunner@2b98378d]" name="tearDownClass" is-config="true" duration-ms="4" started-at="2019-04-30T06:30:12Z" finished-at="2019-04-30T06:30:12Z">
          <reporter-output>
          </reporter-output>
        </test-method> <!-- tearDownClass -->
      </class> <!-- CucumberOptions.TestRunner -->
    </test> <!-- Test -->
  </suite> <!-- Suite -->
</testng-results>
