<?xml version="1.0" encoding="UTF-8"?>
<testng-results skipped="0" failed="0" total="7" passed="7">
  <reporter-output>
  </reporter-output>
  <suite name="Suite" duration-ms="79" started-at="2019-05-02T03:26:38Z" finished-at="2019-05-02T03:26:38Z">
    <groups>
      <group name="Regression">
        <method signature="testA.getNumberDoubleTest123(int, int)[pri:0, instance:test123.copy.testA@48eff760]" name="getNumberDoubleTest123" class="test123.copy.testA"/>
        <method signature="testA.getNumberTest123(java.lang.String, java.lang.String)[pri:0, instance:test123.copy.testA@48eff760]" name="getNumberTest123" class="test123.copy.testA"/>
      </group> <!-- Regression -->
      <group name="Smoke">
        <method signature="testA.getNumber()[pri:0, instance:test123.testA@5ae9a829]" name="getNumber" class="test123.testA"/>
        <method signature="testA.getNumberDoubleTest123(int, int)[pri:0, instance:test123.copy.testA@48eff760]" name="getNumberDoubleTest123" class="test123.copy.testA"/>
        <method signature="testA.getNumberTest123(java.lang.String, java.lang.String)[pri:0, instance:test123.copy.testA@48eff760]" name="getNumberTest123" class="test123.copy.testA"/>
      </group> <!-- Smoke -->
    </groups>
    <test name="Test" duration-ms="79" started-at="2019-05-02T03:26:38Z" finished-at="2019-05-02T03:26:38Z">
      <class name="test123.copy.testA">
        <test-method status="PASS" signature="getNumberDoubleTest123(int, int)[pri:0, instance:test123.copy.testA@48eff760]" name="getNumberDoubleTest123" duration-ms="12" started-at="2019-05-02T08:56:38Z" data-provider="giveData" finished-at="2019-05-02T08:56:38Z">
          <params>
            <param index="0">
              <value>
                <![CDATA[0]]>
              </value>
            </param>
            <param index="1">
              <value>
                <![CDATA[1]]>
              </value>
            </param>
          </params>
          <reporter-output>
          </reporter-output>
        </test-method> <!-- getNumberDoubleTest123 -->
        <test-method status="PASS" signature="getNumberDoubleTest123(int, int)[pri:0, instance:test123.copy.testA@48eff760]" name="getNumberDoubleTest123" duration-ms="1" started-at="2019-05-02T08:56:38Z" data-provider="giveData" finished-at="2019-05-02T08:56:38Z">
          <params>
            <param index="0">
              <value>
                <![CDATA[1]]>
              </value>
            </param>
            <param index="1">
              <value>
                <![CDATA[2]]>
              </value>
            </param>
          </params>
          <reporter-output>
          </reporter-output>
        </test-method> <!-- getNumberDoubleTest123 -->
        <test-method status="PASS" signature="getNumberDoubleTest123(int, int)[pri:0, instance:test123.copy.testA@48eff760]" name="getNumberDoubleTest123" duration-ms="2" started-at="2019-05-02T08:56:38Z" data-provider="giveData" finished-at="2019-05-02T08:56:38Z">
          <params>
            <param index="0">
              <value>
                <![CDATA[2]]>
              </value>
            </param>
            <param index="1">
              <value>
                <![CDATA[3]]>
              </value>
            </param>
          </params>
          <reporter-output>
          </reporter-output>
        </test-method> <!-- getNumberDoubleTest123 -->
        <test-method status="PASS" signature="getNumberDoubleTest123(int, int)[pri:0, instance:test123.copy.testA@48eff760]" name="getNumberDoubleTest123" duration-ms="1" started-at="2019-05-02T08:56:38Z" data-provider="giveData" finished-at="2019-05-02T08:56:38Z">
          <params>
            <param index="0">
              <value>
                <![CDATA[3]]>
              </value>
            </param>
            <param index="1">
              <value>
                <![CDATA[4]]>
              </value>
            </param>
          </params>
          <reporter-output>
          </reporter-output>
        </test-method> <!-- getNumberDoubleTest123 -->
        <test-method status="PASS" signature="getNumberDoubleTest123(int, int)[pri:0, instance:test123.copy.testA@48eff760]" name="getNumberDoubleTest123" duration-ms="0" started-at="2019-05-02T08:56:38Z" data-provider="giveData" finished-at="2019-05-02T08:56:38Z">
          <params>
            <param index="0">
              <value>
                <![CDATA[4]]>
              </value>
            </param>
            <param index="1">
              <value>
                <![CDATA[5]]>
              </value>
            </param>
          </params>
          <reporter-output>
          </reporter-output>
        </test-method> <!-- getNumberDoubleTest123 -->
        <test-method status="PASS" signature="getNumberTest123(java.lang.String, java.lang.String)[pri:0, instance:test123.copy.testA@48eff760]" name="getNumberTest123" duration-ms="2" started-at="2019-05-02T08:56:38Z" depends-on-methods="test123.copy.testA.getNumberDoubleTest123" finished-at="2019-05-02T08:56:38Z">
          <params>
            <param index="0">
              <value>
                <![CDATA[389524]]>
              </value>
            </param>
            <param index="1">
              <value>
                <![CDATA[389524]]>
              </value>
            </param>
          </params>
          <reporter-output>
          </reporter-output>
        </test-method> <!-- getNumberTest123 -->
      </class> <!-- test123.copy.testA -->
      <class name="test123.testA">
        <test-method status="PASS" signature="getNumber()[pri:0, instance:test123.testA@5ae9a829]" name="getNumber" duration-ms="1" started-at="2019-05-02T08:56:38Z" finished-at="2019-05-02T08:56:38Z">
          <reporter-output>
          </reporter-output>
        </test-method> <!-- getNumber -->
      </class> <!-- test123.testA -->
    </test> <!-- Test -->
  </suite> <!-- Suite -->
</testng-results>
