<?xml version="1.0" encoding="UTF-8"?>
<!-- Generated by org.testng.reporters.JUnitXMLReporter -->
<testsuite hostname="DESKTOP-CFCNF77" name="Car Loan " tests="10" failures="0" timestamp="9 Apr 2019 02:55:05 GMT" time="0.122" errors="0">
  <testcase name="SecondTest" time="0.012" classname="Test.day1"/>
  <testcase name="demo" time="0.001" classname="Test.day1"/>
  <testcase name="SecondTest" time="0.006" classname="Test.day2"/>
  <testcase name="demo" time="0.005" classname="Test.day2"/>
  <testcase name="MobileLogincarLoan" time="0.0" classname="Test.day3"/>
  <testcase name="loginApiCarLoan" time="0.004" classname="Test.day3"/>
  <testcase name="webLogin" time="0.004" classname="Test.day3"/>
  <testcase name="MobileLoginHomeLoan" time="0.004" classname="Test.day4"/>
  <testcase name="loginApiHomeLoan" time="0.003" classname="Test.day4"/>
  <testcase name="webLoginHome" time="0.005" classname="Test.day4"/>
</testsuite> <!-- Car Loan  -->
