<?xml version="1.0" encoding="UTF-8"?>
<!-- Generated by org.testng.reporters.JUnitXMLReporter -->
<testsuite hostname="DESKTOP-CFCNF77" name="Loan Department" tests="4" failures="0" timestamp="9 Apr 2019 02:24:06 GMT" time="0.102" errors="0">
  <testcase name="SecondTest" time="0.02" classname="Test.day1"/>
  <testcase name="demo" time="0.004" classname="Test.day1"/>
  <testcase name="SecondTest" time="0.004" classname="Test.day2"/>
  <testcase name="demo" time="0.008" classname="Test.day2"/>
</testsuite> <!-- Loan Department -->
