<?xml version="1.0" encoding="UTF-8"?>
<testng-results skipped="0" failed="0" total="1" passed="1">
  <reporter-output>
  </reporter-output>
  <suite name="Default suite" duration-ms="16396" started-at="2019-04-25T03:27:54Z" finished-at="2019-04-25T03:28:10Z">
    <groups>
    </groups>
    <test name="Default test" duration-ms="16396" started-at="2019-04-25T03:27:54Z" finished-at="2019-04-25T03:28:10Z">
      <class name="test_functionality.test_PageFactory">
        <test-method status="PASS" signature="testLogin()[pri:0, instance:test_functionality.test_PageFactory@6df97b55]" name="testLogin" duration-ms="16373" started-at="2019-04-25T08:57:54Z" finished-at="2019-04-25T08:58:10Z">
          <reporter-output>
          </reporter-output>
        </test-method> <!-- testLogin -->
      </class> <!-- test_functionality.test_PageFactory -->
    </test> <!-- Default test -->
  </suite> <!-- Default suite -->
</testng-results>
