<?xml version="1.0" encoding="UTF-8"?>
<testng-results skipped="0" failed="0" total="1" passed="1">
  <reporter-output>
  </reporter-output>
  <suite name="Command line suite" duration-ms="71" started-at="2019-05-03T01:04:04Z" finished-at="2019-05-03T01:04:04Z">
    <groups>
    </groups>
    <test name="Command line test" duration-ms="71" started-at="2019-05-03T01:04:04Z" finished-at="2019-05-03T01:04:04Z">
      <class name="Academy.AppTest">
        <test-method status="PASS" signature="testApp()[pri:0, instance:testApp(Academy.AppTest)]" name="testApp" duration-ms="1" started-at="2019-05-03T06:34:04Z" finished-at="2019-05-03T06:34:04Z">
          <reporter-output>
          </reporter-output>
        </test-method> <!-- testApp -->
      </class> <!-- Academy.AppTest -->
    </test> <!-- Command line test -->
  </suite> <!-- Command line suite -->
</testng-results>
