<?xml version="1.0" encoding="UTF-8"?>
<!-- Generated by org.testng.reporters.JUnitXMLReporter -->
<testsuite hostname="DESKTOP-CFCNF77" name="Test2" tests="4" failures="0" timestamp="24 Apr 2019 18:06:15 GMT" time="0.029" errors="0">
  <testcase name="method1" time="0.009" classname="test2.basicClass1"/>
  <testcase name="method2" time="0.002" classname="test2.basicClass1"/>
  <testcase name="method2" time="0.0" classname="test2.basicClass2"/>
  <testcase name="method1" time="0.0" classname="test2.basicClass2"/>
</testsuite> <!-- Test2 -->
