-------------------------------------------------------------------------------
Test set: TestSuite
-------------------------------------------------------------------------------
Tests run: 4, Failures: 1, Errors: 0, Skipped: 0, Time elapsed: 45.541 s <<< FAILURE! - in TestSuite
basePageNavigation(DeepakAcademy.DeepakE2EProject.validateLandingPageTitle)  Time elapsed: 5.208 s  <<< FAILURE!
junit.framework.ComparisonFailure: expected:<......> but was:<...A...>
	at DeepakAcademy.DeepakE2EProject.validateLandingPageTitle.basePageNavigation(validateLandingPageTitle.java:38)

