<?xml version="1.0" encoding="UTF-8"?>
<!-- Generated by org.testng.reporters.JUnitXMLReporter -->
<testsuite hostname="DESKTOP-CFCNF77" name="Test" tests="4" failures="0" timestamp="9 Apr 2019 02:07:53 GMT" time="0.051" errors="0">
  <testcase name="SecondTest" time="0.013" classname="Test.day1"/>
  <testcase name="demo" time="0.001" classname="Test.day1"/>
  <testcase name="SecondTest" time="0.003" classname="Test.day2"/>
  <testcase name="demo" time="0.006" classname="Test.day2"/>
</testsuite> <!-- Test -->
