<?xml version="1.0" encoding="UTF-8"?>
<testng-results skipped="0" failed="0" total="3" passed="3">
  <reporter-output>
  </reporter-output>
  <suite name="Suite" duration-ms="30575" started-at="2019-04-20T01:34:58Z" finished-at="2019-04-20T01:35:29Z">
    <groups>
    </groups>
    <test name="Test" duration-ms="30575" started-at="2019-04-20T01:34:58Z" finished-at="2019-04-20T01:35:29Z">
      <class name="Academy.Project.HomePage">
        <test-method status="PASS" signature="basePageNavigation(java.lang.String, java.lang.String, java.lang.String)[pri:0, instance:Academy.Project.HomePage@cc285f4]" name="basePageNavigation" duration-ms="12674" started-at="2019-04-20T07:04:58Z" data-provider="getData" finished-at="2019-04-20T07:05:11Z">
          <params>
            <param index="0">
              <value>
                <![CDATA[abc@qw.com]]>
              </value>
            </param>
            <param index="1">
              <value>
                <![CDATA[123456]]>
              </value>
            </param>
            <param index="2">
              <value>
                <![CDATA[Resticted_user]]>
              </value>
            </param>
          </params>
          <reporter-output>
          </reporter-output>
        </test-method> <!-- basePageNavigation -->
        <test-method status="PASS" signature="basePageNavigation(java.lang.String, java.lang.String, java.lang.String)[pri:0, instance:Academy.Project.HomePage@cc285f4]" name="basePageNavigation" duration-ms="12317" started-at="2019-04-20T07:05:11Z" data-provider="getData" finished-at="2019-04-20T07:05:23Z">
          <params>
            <param index="0">
              <value>
                <![CDATA[1abc@qw.com]]>
              </value>
            </param>
            <param index="1">
              <value>
                <![CDATA[2_123456]]>
              </value>
            </param>
            <param index="2">
              <value>
                <![CDATA[Non_Resticted_user]]>
              </value>
            </param>
          </params>
          <reporter-output>
          </reporter-output>
        </test-method> <!-- basePageNavigation -->
      </class> <!-- Academy.Project.HomePage -->
      <class name="Academy.Project.validateTitle">
        <test-method status="PASS" signature="validateText()[pri:0, instance:Academy.Project.validateTitle@26be92ad]" name="validateText" duration-ms="5559" started-at="2019-04-20T07:05:23Z" finished-at="2019-04-20T07:05:29Z">
          <reporter-output>
          </reporter-output>
        </test-method> <!-- validateText -->
      </class> <!-- Academy.Project.validateTitle -->
    </test> <!-- Test -->
  </suite> <!-- Suite -->
</testng-results>
