<?xml version="1.0" encoding="UTF-8"?>
<testng-results skipped="0" failed="0" total="3" passed="3">
  <reporter-output>
  </reporter-output>
  <suite name="Suite" duration-ms="20" started-at="2019-04-24T23:36:27Z" finished-at="2019-04-24T23:36:27Z">
    <groups>
      <group name="regression">
        <method signature="basicClass1.method1(java.lang.String)[pri:0, instance:test.basicClass1@90f6bfd]" name="method1" class="test.basicClass1"/>
        <method signature="basicClass2.method2(int, int, int)[pri:0, instance:test.basicClass2@6b143ee9]" name="method2" class="test.basicClass2"/>
      </group> <!-- regression -->
      <group name="smoke">
        <method signature="basicClass1.method1(java.lang.String)[pri:0, instance:test.basicClass1@90f6bfd]" name="method1" class="test.basicClass1"/>
        <method signature="basicClass2.method2(int, int, int)[pri:0, instance:test.basicClass2@6b143ee9]" name="method2" class="test.basicClass2"/>
      </group> <!-- smoke -->
    </groups>
    <test name="Test" duration-ms="20" started-at="2019-04-24T23:36:27Z" finished-at="2019-04-24T23:36:27Z">
      <class name="test.basicClass2">
        <test-method status="PASS" signature="method2(int, int, int)[pri:0, instance:test.basicClass2@6b143ee9]" name="method2" duration-ms="0" started-at="2019-04-24T23:36:27Z" data-provider="method3" finished-at="2019-04-24T23:36:27Z">
          <params>
            <param index="0">
              <value>
                <![CDATA[1]]>
              </value>
            </param>
            <param index="1">
              <value>
                <![CDATA[2]]>
              </value>
            </param>
            <param index="2">
              <value>
                <![CDATA[3]]>
              </value>
            </param>
          </params>
        </test-method> <!-- method2 -->
        <test-method status="PASS" signature="method2(int, int, int)[pri:0, instance:test.basicClass2@6b143ee9]" name="method2" duration-ms="0" started-at="2019-04-24T23:36:27Z" data-provider="method3" finished-at="2019-04-24T23:36:27Z">
          <params>
            <param index="0">
              <value>
                <![CDATA[2]]>
              </value>
            </param>
            <param index="1">
              <value>
                <![CDATA[4]]>
              </value>
            </param>
            <param index="2">
              <value>
                <![CDATA[6]]>
              </value>
            </param>
          </params>
        </test-method> <!-- method2 -->
      </class> <!-- test.basicClass2 -->
      <class name="test.basicClass1">
        <test-method status="PASS" signature="method1(java.lang.String)[pri:0, instance:test.basicClass1@90f6bfd]" name="method1" duration-ms="6" started-at="2019-04-24T23:36:27Z" finished-at="2019-04-24T23:36:27Z">
          <params>
            <param index="0">
              <value>
                <![CDATA[Bad]]>
              </value>
            </param>
          </params>
        </test-method> <!-- method1 -->
      </class> <!-- test.basicClass1 -->
    </test> <!-- Test -->
  </suite> <!-- Suite -->
</testng-results>
