<?xml version="1.0" encoding="UTF-8"?>
<!-- Generated by org.testng.reporters.JUnitXMLReporter -->
<testsuite hostname="DESKTOP-CFCNF77" ignored="0" name="Command line test" tests="6" failures="0" timestamp="12 May 2019 14:47:37 GMT" time="0.042" errors="0">
  <testcase name="androidAutomation" time="0.007" classname="DeepakAcademy.mavenRevision.AppiumTest"/>
  <testcase name="iosAutomation" time="0.0" classname="DeepakAcademy.mavenRevision.AppiumTest"/>
  <testcase name="restAPIAutomation" time="0.0" classname="DeepakAcademy.mavenRevision.RestTest"/>
  <testcase name="restAutomation" time="0.0" classname="DeepakAcademy.mavenRevision.RestTest"/>
  <testcase name="seleniumAutomation" time="0.001" classname="DeepakAcademy.mavenRevision.SeleniumTest"/>
  <testcase name="webAutomation" time="0.001" classname="DeepakAcademy.mavenRevision.SeleniumTest"/>
</testsuite> <!-- Command line test -->
