<?xml version="1.0" encoding="UTF-8"?>
<!-- Generated by org.testng.reporters.JUnitXMLReporter -->
<testsuite hostname="DESKTOP-CFCNF77" name="Test" tests="3" failures="0" timestamp="20 Apr 2019 01:35:29 GMT" time="30.575" errors="0">
  <testcase name="basePageNavigation" time="12.674" classname="Academy.Project.HomePage"/>
  <testcase name="basePageNavigation" time="12.317" classname="Academy.Project.HomePage"/>
  <testcase name="validateText" time="5.559" classname="Academy.Project.validateTitle"/>
</testsuite> <!-- Test -->
