<?xml version="1.0" encoding="UTF-8"?>
<testsuite xmlns:xsi="http://www.w3.org/2001/XMLSchema-instance" xsi:noNamespaceSchemaLocation="https://maven.apache.org/surefire/maven-surefire-plugin/xsd/surefire-test-report-3.0.xsd" version="3.0" name="TestSuite" time="10.296" tests="13" errors="0" skipped="0" failures="3">
  <properties>
[...]
</properties>
  <testcase name="testData" classname="restAssured.Post_xml" time="3.834"/>
  <testcase name="jiraAPI" classname="jiraAPI.jiraBasics_comment" time="0.811">
    <failure message="1 expectation failed.&#10;Expected status code &lt;200&gt; but was &lt;403&gt;.&#10;" type="java.lang.AssertionError"><![CDATA[java.lang.AssertionError: 
1 expectation failed.
Expected status code <200> but was <403>.

	at jiraAPI.jiraBasics_comment.jiraAPI(jiraBasics_comment.java:26)
]]></failure>
    <system-out><![CDATA[Request method:	POST
Request URI:	http://localhost:8080/rest/auth/1/session
Proxy:			<none>
Request params:	<none>
Query params:	<none>
Form params:	<none>
Path params:	<none>
Headers:		Accept=*/*
				Content-Type=application/json; charset=UTF-8
Cookies:		<none>
Multiparts:		<none>
Body:
{
    "username": "deepakdm2016",
    "password": "Vinayaka@2019"
}
HTTP/1.1 403 No valid crumb was included in the request
Date: Mon, 13 May 2019 06:48:47 GMT
X-Content-Type-Options: nosniff
Cache-Control: must-revalidate,no-cache,no-store
Content-Type: text/html;charset=iso-8859-1
Content-Length: 400
Server: Jetty(9.4.z-SNAPSHOT)

<html>
  <head>
    <meta http-equiv="Content-Type" content="text/html;charset=utf-8"/>
    <title>Error 403 No valid crumb was included in the request</title>
  </head>
  <body>
    <h2>HTTP ERROR 403</h2>
    <p>Problem accessing /rest/auth/1/session. Reason:
</p>
    <pre>    No valid crumb was included in the request</pre>
    <hr/>
    <a shape="rect" href="http://eclipse.org/jetty">Powered by Jetty:// 9.4.z-SNAPSHOT</a>
    <hr/>
  </body>
</html>
]]></system-out>
  </testcase>
  <testcase name="addAndDelete" classname="restAssured.PostDelete" time="0.809"/>
  <testcase name="testData" classname="restAssured.Post" time="0.509"/>
  <testcase name="dynamicJson" classname="libraryAPI.staticJson" time="0.252"/>
  <testcase name="seleniumAutomation" classname="DeepakAcademy.mavenRevision.SeleniumTest" time="0.011"/>
  <testcase name="webAutomation" classname="DeepakAcademy.mavenRevision.SeleniumTest" time="0.049"/>
  <testcase name="restAPIAutomation" classname="DeepakAcademy.mavenRevision.RestTest" time="0.027"/>
  <testcase name="restAutomation" classname="DeepakAcademy.mavenRevision.RestTest" time="0.005"/>
  <testcase name="jiraAPI" classname="jiraAPI.jiraBasics" time="0.381">
    <failure message="1 expectation failed.&#10;Expected status code &lt;200&gt; but was &lt;403&gt;.&#10;" type="java.lang.AssertionError"><![CDATA[java.lang.AssertionError: 
1 expectation failed.
Expected status code <200> but was <403>.

	at jiraAPI.jiraBasics.jiraAPI(jiraBasics.java:26)
]]></failure>
    <system-out><![CDATA[Request method:	POST
Request URI:	http://localhost:8080/rest/auth/1/session
Proxy:			<none>
Request params:	<none>
Query params:	<none>
Form params:	<none>
Path params:	<none>
Headers:		Accept=*/*
				Content-Type=application/json; charset=UTF-8
Cookies:		<none>
Multiparts:		<none>
Body:
{
    "username": "deepakdm2016",
    "password": "Vinayaka@2019"
}
HTTP/1.1 403 No valid crumb was included in the request
Date: Mon, 13 May 2019 06:48:49 GMT
X-Content-Type-Options: nosniff
Cache-Control: must-revalidate,no-cache,no-store
Content-Type: text/html;charset=iso-8859-1
Content-Length: 400
Server: Jetty(9.4.z-SNAPSHOT)

<html>
  <head>
    <meta http-equiv="Content-Type" content="text/html;charset=utf-8"/>
    <title>Error 403 No valid crumb was included in the request</title>
  </head>
  <body>
    <h2>HTTP ERROR 403</h2>
    <p>Problem accessing /rest/auth/1/session. Reason:
</p>
    <pre>    No valid crumb was included in the request</pre>
    <hr/>
    <a shape="rect" href="http://eclipse.org/jetty">Powered by Jetty:// 9.4.z-SNAPSHOT</a>
    <hr/>
  </body>
</html>
]]></system-out>
  </testcase>
  <testcase name="jiraAPI" classname="jiraAPI.jiraBasics_comment_updated" time="0.746">
    <failure message="1 expectation failed.&#10;Expected status code &lt;200&gt; but was &lt;403&gt;.&#10;" type="java.lang.AssertionError"><![CDATA[java.lang.AssertionError: 
1 expectation failed.
Expected status code <200> but was <403>.

	at jiraAPI.jiraBasics_comment_updated.jiraAPI(jiraBasics_comment_updated.java:24)
]]></failure>
    <system-out><![CDATA[Request method:	POST
Request URI:	http://localhost:8080/rest/auth/1/session
Proxy:			<none>
Request params:	<none>
Query params:	<none>
Form params:	<none>
Path params:	<none>
Headers:		Accept=*/*
				Content-Type=application/json; charset=UTF-8
Cookies:		<none>
Multiparts:		<none>
Body:
{
    "username": "deepakdm2016",
    "password": "Vinayaka@2019"
}
HTTP/1.1 403 No valid crumb was included in the request
Date: Mon, 13 May 2019 06:48:49 GMT
X-Content-Type-Options: nosniff
Cache-Control: must-revalidate,no-cache,no-store
Content-Type: text/html;charset=iso-8859-1
Content-Length: 400
Server: Jetty(9.4.z-SNAPSHOT)

<html>
  <head>
    <meta http-equiv="Content-Type" content="text/html;charset=utf-8"/>
    <title>Error 403 No valid crumb was included in the request</title>
  </head>
  <body>
    <h2>HTTP ERROR 403</h2>
    <p>Problem accessing /rest/auth/1/session. Reason:
</p>
    <pre>    No valid crumb was included in the request</pre>
    <hr/>
    <a shape="rect" href="http://eclipse.org/jetty">Powered by Jetty:// 9.4.z-SNAPSHOT</a>
    <hr/>
  </body>
</html>
]]></system-out>
  </testcase>
  <testcase name="androidAutomation" classname="DeepakAcademy.mavenRevision.AppiumTest" time="0.017"/>
  <testcase name="iosAutomation" classname="DeepakAcademy.mavenRevision.AppiumTest" time="0.003"/>
</testsuite>